2021-06-16 14:19:44,164 INFO com.cg.creditcardpayment.CreditcardBillPaymentApplication [restartedMain] Starting CreditcardBillPaymentApplication using Java 15.0.2 on DESKTOP-TM0EUEB with PID 10196 (E:\Final sprint project\CreditcardBillPayment\bin\main started by HP in E:\Final sprint project\CreditcardBillPayment)
2021-06-16 14:19:44,172 INFO com.cg.creditcardpayment.CreditcardBillPaymentApplication [restartedMain] No active profile set, falling back to default profiles: default
2021-06-16 14:19:44,345 INFO org.springframework.boot.devtools.env.DevToolsPropertyDefaultsPostProcessor [restartedMain] Devtools property defaults active! Set 'spring.devtools.add-properties' to 'false' to disable
2021-06-16 14:19:44,346 INFO org.springframework.boot.devtools.env.DevToolsPropertyDefaultsPostProcessor [restartedMain] For additional web related logging consider setting the 'logging.level.web' property to 'DEBUG'
2021-06-16 14:19:45,948 INFO org.springframework.data.repository.config.RepositoryConfigurationDelegate [restartedMain] Bootstrapping Spring Data JPA repositories in DEFAULT mode.
2021-06-16 14:19:46,235 INFO org.springframework.data.repository.config.RepositoryConfigurationDelegate [restartedMain] Finished Spring Data repository scanning in 269 ms. Found 8 JPA repository interfaces.
2021-06-16 14:19:47,575 INFO org.springframework.boot.web.embedded.tomcat.TomcatWebServer [restartedMain] Tomcat initialized with port(s): 9090 (http)
2021-06-16 14:19:47,598 INFO org.apache.catalina.core.StandardService [restartedMain] Starting service [Tomcat]
2021-06-16 14:19:47,600 INFO org.apache.catalina.core.StandardEngine [restartedMain] Starting Servlet engine: [Apache Tomcat/9.0.45]
2021-06-16 14:19:47,830 INFO org.apache.catalina.core.ContainerBase.[Tomcat].[localhost].[/] [restartedMain] Initializing Spring embedded WebApplicationContext
2021-06-16 14:19:47,830 INFO org.springframework.boot.web.servlet.context.ServletWebServerApplicationContext [restartedMain] Root WebApplicationContext: initialization completed in 3482 ms
2021-06-16 14:19:48,254 INFO org.hibernate.jpa.internal.util.LogHelper [restartedMain] HHH000204: Processing PersistenceUnitInfo [name: default]
2021-06-16 14:19:48,322 INFO org.hibernate.Version [restartedMain] HHH000412: Hibernate ORM core version 5.4.30.Final
2021-06-16 14:19:48,496 INFO org.hibernate.annotations.common.Version [restartedMain] HCANN000001: Hibernate Commons Annotations {5.1.2.Final}
2021-06-16 14:19:48,663 INFO com.zaxxer.hikari.HikariDataSource [restartedMain] HikariPool-1 - Starting...
2021-06-16 14:19:49,959 INFO com.zaxxer.hikari.HikariDataSource [restartedMain] HikariPool-1 - Start completed.
2021-06-16 14:19:50,085 INFO org.hibernate.dialect.Dialect [restartedMain] HHH000400: Using dialect: org.hibernate.dialect.PostgreSQL10Dialect
2021-06-16 14:19:55,233 INFO org.hibernate.engine.transaction.jta.platform.internal.JtaPlatformInitiator [restartedMain] HHH000490: Using JtaPlatform implementation: [org.hibernate.engine.transaction.jta.platform.internal.NoJtaPlatform]
2021-06-16 14:19:55,253 INFO org.springframework.orm.jpa.LocalContainerEntityManagerFactoryBean [restartedMain] Initialized JPA EntityManagerFactory for persistence unit 'default'
2021-06-16 14:19:55,542 INFO org.springframework.boot.devtools.autoconfigure.OptionalLiveReloadServer [restartedMain] LiveReload server is running on port 35729
2021-06-16 14:19:57,139 WARN org.springframework.boot.autoconfigure.orm.jpa.JpaBaseConfiguration$JpaWebConfiguration [restartedMain] spring.jpa.open-in-view is enabled by default. Therefore, database queries may be performed during view rendering. Explicitly configure spring.jpa.open-in-view to disable this warning
2021-06-16 14:19:58,407 INFO springfox.documentation.spring.web.WebMvcPropertySourcedRequestMappingHandlerMapping [restartedMain] Mapped URL path [/v2/api-docs] onto method [springfox.documentation.swagger2.web.Swagger2ControllerWebMvc#getDocumentation(String, HttpServletRequest)]
2021-06-16 14:19:58,670 INFO org.springframework.scheduling.concurrent.ThreadPoolTaskExecutor [restartedMain] Initializing ExecutorService 'applicationTaskExecutor'
2021-06-16 14:19:59,440 INFO org.springframework.boot.web.embedded.tomcat.TomcatWebServer [restartedMain] Tomcat started on port(s): 9090 (http) with context path ''
2021-06-16 14:19:59,442 INFO springfox.documentation.spring.web.plugins.DocumentationPluginsBootstrapper [restartedMain] Documentation plugins bootstrapped
2021-06-16 14:19:59,448 INFO springfox.documentation.spring.web.plugins.DocumentationPluginsBootstrapper [restartedMain] Found 1 custom documentation plugin(s)
2021-06-16 14:19:59,558 INFO springfox.documentation.spring.web.scanners.ApiListingReferenceScanner [restartedMain] Scanning for api listing references
2021-06-16 14:20:00,042 INFO springfox.documentation.spring.web.readers.operation.CachingOperationNameGenerator [restartedMain] Generating unique operation named: addUsingPOST_1
2021-06-16 14:20:00,057 INFO springfox.documentation.spring.web.readers.operation.CachingOperationNameGenerator [restartedMain] Generating unique operation named: findByIdUsingGET_1
2021-06-16 14:20:00,072 INFO springfox.documentation.spring.web.readers.operation.CachingOperationNameGenerator [restartedMain] Generating unique operation named: findAllUsingGET_1
2021-06-16 14:20:00,216 INFO springfox.documentation.spring.web.readers.operation.CachingOperationNameGenerator [restartedMain] Generating unique operation named: updatePaymentUsingPUT_1
2021-06-16 14:20:00,256 INFO com.cg.creditcardpayment.CreditcardBillPaymentApplication [restartedMain] Started CreditcardBillPaymentApplication in 18.68 seconds (JVM running for 22.664)
2021-06-16 14:20:02,336 INFO org.apache.catalina.core.ContainerBase.[Tomcat].[localhost].[/] [http-nio-9090-exec-1] Initializing Spring DispatcherServlet 'dispatcherServlet'
2021-06-16 14:20:02,336 INFO org.springframework.web.servlet.DispatcherServlet [http-nio-9090-exec-1] Initializing Servlet 'dispatcherServlet'
2021-06-16 14:20:02,338 INFO org.springframework.web.servlet.DispatcherServlet [http-nio-9090-exec-1] Completed initialization in 2 ms
2021-06-16 14:29:25,341 INFO com.cg.creditcardpayment.controller.CustomerController [http-nio-9090-exec-9] Called POST mapping addCustomer() method
2021-06-16 14:29:25,466 INFO com.cg.creditcardpayment.services.CustomerService [http-nio-9090-exec-9] Called addCustomer() method of CustomerService
2021-06-16 14:29:49,946 INFO com.cg.creditcardpayment.controller.CustomerController [http-nio-9090-exec-10] Called GET mapping getAllCustomers() method
2021-06-16 14:29:49,946 INFO com.cg.creditcardpayment.services.CustomerService [http-nio-9090-exec-10] Called getAllCustomer() method of CustomerService
2021-06-16 14:29:55,482 INFO com.cg.creditcardpayment.controller.CustomerController [http-nio-9090-exec-1] Called GET mapping getCustomer() method
2021-06-16 14:29:55,482 INFO com.cg.creditcardpayment.services.CustomerService [http-nio-9090-exec-1] Called getCustomer() method of CustomerService
2021-06-16 14:30:04,055 INFO com.cg.creditcardpayment.controller.CustomerController [http-nio-9090-exec-3] Called PUT mapping updateCustomer() method
2021-06-16 14:30:04,055 INFO com.cg.creditcardpayment.services.CustomerService [http-nio-9090-exec-3] Called updateCustomer() method of CustomerService
2021-06-16 14:30:08,309 INFO com.cg.creditcardpayment.controller.CustomerController [http-nio-9090-exec-4] Called GET mapping getAllCustomers() method
2021-06-16 14:30:08,310 INFO com.cg.creditcardpayment.services.CustomerService [http-nio-9090-exec-4] Called getAllCustomer() method of CustomerService
2021-06-16 15:14:23,083 INFO com.cg.creditcardpayment.controller.StatementController [http-nio-9090-exec-8] Called GET mapping getAllStatements() method
2021-06-16 15:14:23,084 INFO com.cg.creditcardpayment.services.StatementService [http-nio-9090-exec-8] Called getAlltatements() method of StatementService
2021-06-16 15:14:25,530 WARN org.springframework.web.servlet.mvc.method.annotation.ExceptionHandlerExceptionResolver [http-nio-9090-exec-9] Resolved [org.springframework.web.HttpRequestMethodNotSupportedException: Request method 'GET' not supported]
2021-06-16 15:31:14,353 INFO com.cg.creditcardpayment.controller.StatementController [http-nio-9090-exec-1] Called GET mapping getAllStatements() method
2021-06-16 15:31:14,354 INFO com.cg.creditcardpayment.services.StatementService [http-nio-9090-exec-1] Called getAlltatements() method of StatementService
2021-06-16 15:31:18,867 WARN org.springframework.web.servlet.mvc.method.annotation.ExceptionHandlerExceptionResolver [http-nio-9090-exec-2] Resolved [org.springframework.web.HttpRequestMethodNotSupportedException: Request method 'GET' not supported]
2021-06-16 15:32:14,676 WARN org.springframework.web.servlet.mvc.method.annotation.ExceptionHandlerExceptionResolver [http-nio-9090-exec-3] Resolved [org.springframework.web.HttpRequestMethodNotSupportedException: Request method 'GET' not supported]
2021-06-16 15:32:24,207 INFO com.cg.creditcardpayment.controller.StatementController [http-nio-9090-exec-4] Called GET mapping getAllStatements() method
2021-06-16 15:32:24,207 INFO com.cg.creditcardpayment.services.StatementService [http-nio-9090-exec-4] Called getAlltatements() method of StatementService
2021-06-16 18:49:03,877 WARN com.zaxxer.hikari.pool.HikariPool [HikariPool-1 housekeeper] HikariPool-1 - Thread starvation or clock leap detected (housekeeper delta=3h12s466ms970µs700ns).
2021-06-16 20:13:43,351 WARN com.zaxxer.hikari.pool.HikariPool [HikariPool-1 housekeeper] HikariPool-1 - Thread starvation or clock leap detected (housekeeper delta=1h24m55s355ms889µs200ns).
2021-06-16 21:23:30,252 INFO com.cg.creditcardpayment.controller.StatementController [http-nio-9090-exec-6] Called GET mapping getAllStatements() method
2021-06-16 21:23:30,295 INFO com.cg.creditcardpayment.services.StatementService [http-nio-9090-exec-6] Called getAlltatements() method of StatementService
2021-06-16 21:24:06,623 INFO org.springframework.boot.admin.SpringApplicationAdminMXBeanRegistrar$SpringApplicationAdmin [RMI TCP Connection(164)-127.0.0.1] Application shutdown requested.
2021-06-16 21:24:07,817 INFO org.springframework.scheduling.concurrent.ThreadPoolTaskExecutor [RMI TCP Connection(164)-127.0.0.1] Shutting down ExecutorService 'applicationTaskExecutor'
2021-06-16 21:24:08,414 INFO org.springframework.orm.jpa.LocalContainerEntityManagerFactoryBean [RMI TCP Connection(164)-127.0.0.1] Closing JPA EntityManagerFactory for persistence unit 'default'
2021-06-16 21:24:09,991 INFO com.zaxxer.hikari.HikariDataSource [RMI TCP Connection(164)-127.0.0.1] HikariPool-1 - Shutdown initiated...
2021-06-16 21:24:10,006 INFO com.zaxxer.hikari.HikariDataSource [RMI TCP Connection(164)-127.0.0.1] HikariPool-1 - Shutdown completed.
