2021-06-07 00:51:20,026 INFO com.cg.creditcardpayment.CreditcardBillPaymentApplication [restartedMain] Starting CreditcardBillPaymentApplication using Java 15.0.2 on DESKTOP-88QC7I7 with PID 10128 (H:\CreditcardBillPayment\bin\main started by UJJAWAL in H:\CreditcardBillPayment)
2021-06-07 00:51:20,033 INFO com.cg.creditcardpayment.CreditcardBillPaymentApplication [restartedMain] No active profile set, falling back to default profiles: default
2021-06-07 00:51:20,138 INFO org.springframework.boot.devtools.env.DevToolsPropertyDefaultsPostProcessor [restartedMain] Devtools property defaults active! Set 'spring.devtools.add-properties' to 'false' to disable
2021-06-07 00:51:20,139 INFO org.springframework.boot.devtools.env.DevToolsPropertyDefaultsPostProcessor [restartedMain] For additional web related logging consider setting the 'logging.level.web' property to 'DEBUG'
2021-06-07 00:51:21,717 INFO org.springframework.data.repository.config.RepositoryConfigurationDelegate [restartedMain] Bootstrapping Spring Data JPA repositories in DEFAULT mode.
2021-06-07 00:51:21,830 INFO org.springframework.data.repository.config.RepositoryConfigurationDelegate [restartedMain] Finished Spring Data repository scanning in 101 ms. Found 8 JPA repository interfaces.
2021-06-07 00:51:22,904 INFO org.springframework.boot.web.embedded.tomcat.TomcatWebServer [restartedMain] Tomcat initialized with port(s): 9090 (http)
2021-06-07 00:51:22,923 INFO org.apache.catalina.core.StandardService [restartedMain] Starting service [Tomcat]
2021-06-07 00:51:22,923 INFO org.apache.catalina.core.StandardEngine [restartedMain] Starting Servlet engine: [Apache Tomcat/9.0.45]
2021-06-07 00:51:23,069 INFO org.apache.catalina.core.ContainerBase.[Tomcat].[localhost].[/] [restartedMain] Initializing Spring embedded WebApplicationContext
2021-06-07 00:51:23,069 INFO org.springframework.boot.web.servlet.context.ServletWebServerApplicationContext [restartedMain] Root WebApplicationContext: initialization completed in 2928 ms
2021-06-07 00:51:23,449 INFO org.hibernate.jpa.internal.util.LogHelper [restartedMain] HHH000204: Processing PersistenceUnitInfo [name: default]
2021-06-07 00:51:23,535 INFO org.hibernate.Version [restartedMain] HHH000412: Hibernate ORM core version 5.4.30.Final
2021-06-07 00:51:23,920 INFO org.hibernate.annotations.common.Version [restartedMain] HCANN000001: Hibernate Commons Annotations {5.1.2.Final}
2021-06-07 00:51:24,062 INFO com.zaxxer.hikari.HikariDataSource [restartedMain] HikariPool-1 - Starting...
2021-06-07 00:51:24,227 INFO com.zaxxer.hikari.HikariDataSource [restartedMain] HikariPool-1 - Start completed.
2021-06-07 00:51:24,289 INFO org.hibernate.dialect.Dialect [restartedMain] HHH000400: Using dialect: org.hibernate.dialect.PostgreSQL10Dialect
2021-06-07 00:51:27,479 INFO org.hibernate.engine.transaction.jta.platform.internal.JtaPlatformInitiator [restartedMain] HHH000490: Using JtaPlatform implementation: [org.hibernate.engine.transaction.jta.platform.internal.NoJtaPlatform]
2021-06-07 00:51:27,494 INFO org.springframework.orm.jpa.LocalContainerEntityManagerFactoryBean [restartedMain] Initialized JPA EntityManagerFactory for persistence unit 'default'
2021-06-07 00:51:27,592 INFO org.springframework.boot.devtools.autoconfigure.OptionalLiveReloadServer [restartedMain] LiveReload server is running on port 35729
2021-06-07 00:51:28,788 WARN org.springframework.boot.autoconfigure.orm.jpa.JpaBaseConfiguration$JpaWebConfiguration [restartedMain] spring.jpa.open-in-view is enabled by default. Therefore, database queries may be performed during view rendering. Explicitly configure spring.jpa.open-in-view to disable this warning
2021-06-07 00:51:29,369 INFO springfox.documentation.spring.web.WebMvcPropertySourcedRequestMappingHandlerMapping [restartedMain] Mapped URL path [/v2/api-docs] onto method [springfox.documentation.swagger2.web.Swagger2ControllerWebMvc#getDocumentation(String, HttpServletRequest)]
2021-06-07 00:51:29,607 INFO org.springframework.scheduling.concurrent.ThreadPoolTaskExecutor [restartedMain] Initializing ExecutorService 'applicationTaskExecutor'
2021-06-07 00:51:30,202 INFO org.springframework.boot.web.embedded.tomcat.TomcatWebServer [restartedMain] Tomcat started on port(s): 9090 (http) with context path ''
2021-06-07 00:51:30,203 INFO springfox.documentation.spring.web.plugins.DocumentationPluginsBootstrapper [restartedMain] Documentation plugins bootstrapped
2021-06-07 00:51:30,207 INFO springfox.documentation.spring.web.plugins.DocumentationPluginsBootstrapper [restartedMain] Found 1 custom documentation plugin(s)
2021-06-07 00:51:30,295 INFO springfox.documentation.spring.web.scanners.ApiListingReferenceScanner [restartedMain] Scanning for api listing references
2021-06-07 00:51:30,692 INFO springfox.documentation.spring.web.readers.operation.CachingOperationNameGenerator [restartedMain] Generating unique operation named: addUsingPOST_1
2021-06-07 00:51:30,710 INFO springfox.documentation.spring.web.readers.operation.CachingOperationNameGenerator [restartedMain] Generating unique operation named: findByIdUsingGET_1
2021-06-07 00:51:30,725 INFO springfox.documentation.spring.web.readers.operation.CachingOperationNameGenerator [restartedMain] Generating unique operation named: findAllUsingGET_1
2021-06-07 00:51:30,890 INFO springfox.documentation.spring.web.readers.operation.CachingOperationNameGenerator [restartedMain] Generating unique operation named: updatePaymentUsingPUT_1
2021-06-07 00:51:30,935 INFO com.cg.creditcardpayment.CreditcardBillPaymentApplication [restartedMain] Started CreditcardBillPaymentApplication in 11.513 seconds (JVM running for 14.442)
2021-06-07 00:52:09,642 INFO org.springframework.boot.admin.SpringApplicationAdminMXBeanRegistrar$SpringApplicationAdmin [RMI TCP Connection(4)-127.0.0.1] Application shutdown requested.
2021-06-07 00:52:09,712 INFO org.springframework.scheduling.concurrent.ThreadPoolTaskExecutor [RMI TCP Connection(4)-127.0.0.1] Shutting down ExecutorService 'applicationTaskExecutor'
2021-06-07 00:52:09,736 INFO org.springframework.orm.jpa.LocalContainerEntityManagerFactoryBean [RMI TCP Connection(4)-127.0.0.1] Closing JPA EntityManagerFactory for persistence unit 'default'
2021-06-07 00:52:09,748 INFO com.zaxxer.hikari.HikariDataSource [RMI TCP Connection(4)-127.0.0.1] HikariPool-1 - Shutdown initiated...
2021-06-07 00:52:09,758 INFO com.zaxxer.hikari.HikariDataSource [RMI TCP Connection(4)-127.0.0.1] HikariPool-1 - Shutdown completed.
2021-06-07 00:52:15,860 INFO com.cg.creditcardpayment.CreditcardBillPaymentApplication [restartedMain] Starting CreditcardBillPaymentApplication using Java 15.0.2 on DESKTOP-88QC7I7 with PID 17924 (H:\CreditcardBillPayment\bin\main started by UJJAWAL in H:\CreditcardBillPayment)
2021-06-07 00:52:15,863 INFO com.cg.creditcardpayment.CreditcardBillPaymentApplication [restartedMain] No active profile set, falling back to default profiles: default
2021-06-07 00:52:15,956 INFO org.springframework.boot.devtools.env.DevToolsPropertyDefaultsPostProcessor [restartedMain] Devtools property defaults active! Set 'spring.devtools.add-properties' to 'false' to disable
2021-06-07 00:52:15,956 INFO org.springframework.boot.devtools.env.DevToolsPropertyDefaultsPostProcessor [restartedMain] For additional web related logging consider setting the 'logging.level.web' property to 'DEBUG'
2021-06-07 00:52:17,447 INFO org.springframework.data.repository.config.RepositoryConfigurationDelegate [restartedMain] Bootstrapping Spring Data JPA repositories in DEFAULT mode.
2021-06-07 00:52:17,578 INFO org.springframework.data.repository.config.RepositoryConfigurationDelegate [restartedMain] Finished Spring Data repository scanning in 120 ms. Found 8 JPA repository interfaces.
2021-06-07 00:52:18,614 INFO org.springframework.boot.web.embedded.tomcat.TomcatWebServer [restartedMain] Tomcat initialized with port(s): 9090 (http)
2021-06-07 00:52:18,627 INFO org.apache.catalina.core.StandardService [restartedMain] Starting service [Tomcat]
2021-06-07 00:52:18,628 INFO org.apache.catalina.core.StandardEngine [restartedMain] Starting Servlet engine: [Apache Tomcat/9.0.45]
2021-06-07 00:52:19,024 INFO org.apache.catalina.core.ContainerBase.[Tomcat].[localhost].[/] [restartedMain] Initializing Spring embedded WebApplicationContext
2021-06-07 00:52:19,025 INFO org.springframework.boot.web.servlet.context.ServletWebServerApplicationContext [restartedMain] Root WebApplicationContext: initialization completed in 3068 ms
2021-06-07 00:52:19,606 INFO org.hibernate.jpa.internal.util.LogHelper [restartedMain] HHH000204: Processing PersistenceUnitInfo [name: default]
2021-06-07 00:52:19,712 INFO org.hibernate.Version [restartedMain] HHH000412: Hibernate ORM core version 5.4.30.Final
2021-06-07 00:52:20,038 INFO org.hibernate.annotations.common.Version [restartedMain] HCANN000001: Hibernate Commons Annotations {5.1.2.Final}
2021-06-07 00:52:20,245 INFO com.zaxxer.hikari.HikariDataSource [restartedMain] HikariPool-1 - Starting...
2021-06-07 00:52:20,454 INFO com.zaxxer.hikari.HikariDataSource [restartedMain] HikariPool-1 - Start completed.
2021-06-07 00:52:20,636 INFO org.hibernate.dialect.Dialect [restartedMain] HHH000400: Using dialect: org.hibernate.dialect.PostgreSQL10Dialect
2021-06-07 00:52:24,233 INFO org.hibernate.engine.transaction.jta.platform.internal.JtaPlatformInitiator [restartedMain] HHH000490: Using JtaPlatform implementation: [org.hibernate.engine.transaction.jta.platform.internal.NoJtaPlatform]
2021-06-07 00:52:24,249 INFO org.springframework.orm.jpa.LocalContainerEntityManagerFactoryBean [restartedMain] Initialized JPA EntityManagerFactory for persistence unit 'default'
2021-06-07 00:52:24,364 INFO org.springframework.boot.devtools.autoconfigure.OptionalLiveReloadServer [restartedMain] LiveReload server is running on port 35729
2021-06-07 00:52:26,067 WARN org.springframework.boot.autoconfigure.orm.jpa.JpaBaseConfiguration$JpaWebConfiguration [restartedMain] spring.jpa.open-in-view is enabled by default. Therefore, database queries may be performed during view rendering. Explicitly configure spring.jpa.open-in-view to disable this warning
2021-06-07 00:52:26,943 INFO springfox.documentation.spring.web.WebMvcPropertySourcedRequestMappingHandlerMapping [restartedMain] Mapped URL path [/v2/api-docs] onto method [springfox.documentation.swagger2.web.Swagger2ControllerWebMvc#getDocumentation(String, HttpServletRequest)]
2021-06-07 00:52:27,275 INFO org.springframework.scheduling.concurrent.ThreadPoolTaskExecutor [restartedMain] Initializing ExecutorService 'applicationTaskExecutor'
2021-06-07 00:52:28,155 INFO org.springframework.boot.web.embedded.tomcat.TomcatWebServer [restartedMain] Tomcat started on port(s): 9090 (http) with context path ''
2021-06-07 00:52:28,157 INFO springfox.documentation.spring.web.plugins.DocumentationPluginsBootstrapper [restartedMain] Documentation plugins bootstrapped
2021-06-07 00:52:28,163 INFO springfox.documentation.spring.web.plugins.DocumentationPluginsBootstrapper [restartedMain] Found 1 custom documentation plugin(s)
2021-06-07 00:52:28,282 INFO springfox.documentation.spring.web.scanners.ApiListingReferenceScanner [restartedMain] Scanning for api listing references
2021-06-07 00:52:28,866 INFO springfox.documentation.spring.web.readers.operation.CachingOperationNameGenerator [restartedMain] Generating unique operation named: addUsingPOST_1
2021-06-07 00:52:28,888 INFO springfox.documentation.spring.web.readers.operation.CachingOperationNameGenerator [restartedMain] Generating unique operation named: findByIdUsingGET_1
2021-06-07 00:52:28,901 INFO springfox.documentation.spring.web.readers.operation.CachingOperationNameGenerator [restartedMain] Generating unique operation named: findAllUsingGET_1
2021-06-07 00:52:29,081 INFO springfox.documentation.spring.web.readers.operation.CachingOperationNameGenerator [restartedMain] Generating unique operation named: updatePaymentUsingPUT_1
2021-06-07 00:52:29,140 INFO com.cg.creditcardpayment.CreditcardBillPaymentApplication [restartedMain] Started CreditcardBillPaymentApplication in 13.838 seconds (JVM running for 15.313)
2021-06-07 00:55:04,488 INFO org.apache.catalina.core.ContainerBase.[Tomcat].[localhost].[/] [http-nio-9090-exec-1] Initializing Spring DispatcherServlet 'dispatcherServlet'
2021-06-07 00:55:04,489 INFO org.springframework.web.servlet.DispatcherServlet [http-nio-9090-exec-1] Initializing Servlet 'dispatcherServlet'
2021-06-07 00:55:04,496 INFO org.springframework.web.servlet.DispatcherServlet [http-nio-9090-exec-1] Completed initialization in 7 ms
2021-06-07 00:55:05,119 INFO com.cg.creditcardpayment.controller.TransactionController [http-nio-9090-exec-1] Called POST mapping addTransaction() method
2021-06-07 00:55:05,282 INFO com.cg.creditcardpayment.services.TransactionServices [http-nio-9090-exec-1] Called addTransaction() method of TransactionServices
2021-06-07 00:55:23,009 INFO com.cg.creditcardpayment.controller.TransactionController [http-nio-9090-exec-2] Called GET mapping getAllTransactions() method
2021-06-07 00:55:23,010 INFO com.cg.creditcardpayment.services.TransactionServices [http-nio-9090-exec-2] Called getAllTransactions() method of TransactionServices
2021-06-07 00:55:48,542 INFO com.cg.creditcardpayment.controller.TransactionController [http-nio-9090-exec-3] Called GET mapping transactionHistory() method
2021-06-07 00:55:48,542 INFO com.cg.creditcardpayment.services.TransactionServices [http-nio-9090-exec-3] Called transactionHistory() method of TransactionServices
2021-06-07 00:56:07,258 INFO com.cg.creditcardpayment.controller.TransactionController [http-nio-9090-exec-4] Called GET mapping getTransactionDetailById() method
2021-06-07 00:56:07,258 INFO com.cg.creditcardpayment.services.TransactionServices [http-nio-9090-exec-4] Called getTransactionDetailById() method of TransactionServices
2021-06-07 00:56:44,551 INFO com.cg.creditcardpayment.controller.CreditCardController [http-nio-9090-exec-5] Called GET mapping findAll() method
2021-06-07 00:56:44,553 INFO com.cg.creditcardpayment.services.CreditCardService [http-nio-9090-exec-5] Called findAll() method of CreditCardService
2021-06-07 00:57:11,968 INFO com.cg.creditcardpayment.controller.CreditCardController [http-nio-9090-exec-6] Called GET mapping findById() method
2021-06-07 00:57:11,973 INFO com.cg.creditcardpayment.services.CreditCardService [http-nio-9090-exec-6] Called findCreditCardById() method of CreditCardService
2021-06-07 00:57:32,393 INFO com.cg.creditcardpayment.controller.CreditCardController [http-nio-9090-exec-7] Called GET mapping getAllCreditCardsOfCustomer() method
2021-06-07 00:57:32,394 INFO com.cg.creditcardpayment.services.CreditCardService [http-nio-9090-exec-7] Called findByCustomerId() method of CreditCardService
2021-06-07 01:11:33,412 INFO com.cg.creditcardpayment.controller.AccountController [http-nio-9090-exec-10] Called GET mapping getAllAccounts() method
2021-06-07 01:11:33,413 INFO com.cg.creditcardpayment.services.AccountServices [http-nio-9090-exec-10] Called getAllAccount() method of AccountServices
2021-06-07 01:11:39,381 INFO com.cg.creditcardpayment.controller.AccountController [http-nio-9090-exec-1] Called GET mapping getAllAccounts() method
2021-06-07 01:11:39,382 INFO com.cg.creditcardpayment.services.AccountServices [http-nio-9090-exec-1] Called getAllAccount() method of AccountServices
2021-06-07 01:11:42,288 INFO com.cg.creditcardpayment.controller.AccountController [http-nio-9090-exec-2] Called GET mapping getAccount() method
2021-06-07 01:11:42,289 INFO com.cg.creditcardpayment.services.AccountServices [http-nio-9090-exec-2] Called getAccount() method of AccountServices
2021-06-07 01:11:42,292 INFO com.cg.creditcardpayment.exceptions.AccountNotFoundException [http-nio-9090-exec-2] Account not found
2021-06-07 01:11:42,297 WARN org.springframework.web.servlet.mvc.method.annotation.ExceptionHandlerExceptionResolver [http-nio-9090-exec-2] Resolved [Account not found]
2021-06-07 01:11:43,217 INFO com.cg.creditcardpayment.controller.AccountController [http-nio-9090-exec-3] Called GET mapping getAllAccounts() method
2021-06-07 01:11:43,217 INFO com.cg.creditcardpayment.services.AccountServices [http-nio-9090-exec-3] Called getAllAccount() method of AccountServices
2021-06-07 01:13:10,628 INFO com.cg.creditcardpayment.CreditcardBillPaymentApplication [restartedMain] Starting CreditcardBillPaymentApplication using Java 15.0.2 on DESKTOP-88QC7I7 with PID 19012 (H:\CreditcardBillPayment\bin\main started by UJJAWAL in H:\CreditcardBillPayment)
2021-06-07 01:13:10,631 INFO com.cg.creditcardpayment.CreditcardBillPaymentApplication [restartedMain] No active profile set, falling back to default profiles: default
2021-06-07 01:13:10,752 INFO org.springframework.boot.devtools.env.DevToolsPropertyDefaultsPostProcessor [restartedMain] Devtools property defaults active! Set 'spring.devtools.add-properties' to 'false' to disable
2021-06-07 01:13:10,752 INFO org.springframework.boot.devtools.env.DevToolsPropertyDefaultsPostProcessor [restartedMain] For additional web related logging consider setting the 'logging.level.web' property to 'DEBUG'
2021-06-07 01:13:12,380 INFO org.springframework.data.repository.config.RepositoryConfigurationDelegate [restartedMain] Bootstrapping Spring Data JPA repositories in DEFAULT mode.
2021-06-07 01:13:12,519 INFO org.springframework.data.repository.config.RepositoryConfigurationDelegate [restartedMain] Finished Spring Data repository scanning in 128 ms. Found 8 JPA repository interfaces.
2021-06-07 01:13:13,726 INFO org.springframework.boot.web.embedded.tomcat.TomcatWebServer [restartedMain] Tomcat initialized with port(s): 9090 (http)
2021-06-07 01:13:13,783 INFO org.apache.catalina.core.StandardService [restartedMain] Starting service [Tomcat]
2021-06-07 01:13:13,783 INFO org.apache.catalina.core.StandardEngine [restartedMain] Starting Servlet engine: [Apache Tomcat/9.0.45]
2021-06-07 01:13:14,098 INFO org.apache.catalina.core.ContainerBase.[Tomcat].[localhost].[/] [restartedMain] Initializing Spring embedded WebApplicationContext
2021-06-07 01:13:14,098 INFO org.springframework.boot.web.servlet.context.ServletWebServerApplicationContext [restartedMain] Root WebApplicationContext: initialization completed in 3345 ms
2021-06-07 01:13:14,604 INFO org.hibernate.jpa.internal.util.LogHelper [restartedMain] HHH000204: Processing PersistenceUnitInfo [name: default]
2021-06-07 01:13:14,926 INFO org.hibernate.Version [restartedMain] HHH000412: Hibernate ORM core version 5.4.30.Final
2021-06-07 01:13:15,953 INFO org.hibernate.annotations.common.Version [restartedMain] HCANN000001: Hibernate Commons Annotations {5.1.2.Final}
2021-06-07 01:13:16,329 INFO com.zaxxer.hikari.HikariDataSource [restartedMain] HikariPool-1 - Starting...
2021-06-07 01:13:16,851 INFO com.zaxxer.hikari.HikariDataSource [restartedMain] HikariPool-1 - Start completed.
2021-06-07 01:13:17,092 INFO org.hibernate.dialect.Dialect [restartedMain] HHH000400: Using dialect: org.hibernate.dialect.PostgreSQL10Dialect
2021-06-07 01:13:23,177 INFO org.hibernate.engine.transaction.jta.platform.internal.JtaPlatformInitiator [restartedMain] HHH000490: Using JtaPlatform implementation: [org.hibernate.engine.transaction.jta.platform.internal.NoJtaPlatform]
2021-06-07 01:13:23,234 INFO org.springframework.orm.jpa.LocalContainerEntityManagerFactoryBean [restartedMain] Initialized JPA EntityManagerFactory for persistence unit 'default'
2021-06-07 01:13:23,352 WARN org.springframework.boot.devtools.autoconfigure.OptionalLiveReloadServer [restartedMain] Unable to start LiveReload server
2021-06-07 01:13:25,524 WARN org.springframework.boot.autoconfigure.orm.jpa.JpaBaseConfiguration$JpaWebConfiguration [restartedMain] spring.jpa.open-in-view is enabled by default. Therefore, database queries may be performed during view rendering. Explicitly configure spring.jpa.open-in-view to disable this warning
2021-06-07 01:13:26,944 INFO springfox.documentation.spring.web.WebMvcPropertySourcedRequestMappingHandlerMapping [restartedMain] Mapped URL path [/v2/api-docs] onto method [springfox.documentation.swagger2.web.Swagger2ControllerWebMvc#getDocumentation(String, HttpServletRequest)]
2021-06-07 01:13:27,274 INFO org.springframework.scheduling.concurrent.ThreadPoolTaskExecutor [restartedMain] Initializing ExecutorService 'applicationTaskExecutor'
2021-06-07 01:13:28,113 WARN org.springframework.boot.web.servlet.context.AnnotationConfigServletWebServerApplicationContext [restartedMain] Exception encountered during context initialization - cancelling refresh attempt: org.springframework.context.ApplicationContextException: Failed to start bean 'webServerStartStop'; nested exception is org.springframework.boot.web.server.PortInUseException: Port 9090 is already in use
2021-06-07 01:13:28,115 INFO org.springframework.scheduling.concurrent.ThreadPoolTaskExecutor [restartedMain] Shutting down ExecutorService 'applicationTaskExecutor'
2021-06-07 01:13:28,128 INFO org.springframework.orm.jpa.LocalContainerEntityManagerFactoryBean [restartedMain] Closing JPA EntityManagerFactory for persistence unit 'default'
2021-06-07 01:13:28,132 INFO com.zaxxer.hikari.HikariDataSource [restartedMain] HikariPool-1 - Shutdown initiated...
2021-06-07 01:13:28,146 INFO com.zaxxer.hikari.HikariDataSource [restartedMain] HikariPool-1 - Shutdown completed.
2021-06-07 01:13:28,150 INFO org.apache.catalina.core.StandardService [restartedMain] Stopping service [Tomcat]
2021-06-07 01:13:28,169 INFO org.springframework.boot.autoconfigure.logging.ConditionEvaluationReportLoggingListener [restartedMain] 

Error starting ApplicationContext. To display the conditions report re-run your application with 'debug' enabled.
2021-06-07 01:13:28,225 ERROR org.springframework.boot.diagnostics.LoggingFailureAnalysisReporter [restartedMain] 

***************************
APPLICATION FAILED TO START
***************************

Description:

Web server failed to start. Port 9090 was already in use.

Action:

Identify and stop the process that's listening on port 9090 or configure this application to listen on another port.

2021-06-07 01:14:31,918 INFO com.cg.creditcardpayment.controller.AccountController [http-nio-9090-exec-1] Called POST mapping addAccount() method
2021-06-07 01:14:31,931 INFO com.cg.creditcardpayment.services.AccountServices [http-nio-9090-exec-1] Called addAccount() method of AccountServices
2021-06-07 01:14:42,717 INFO com.cg.creditcardpayment.controller.AccountController [http-nio-9090-exec-2] Called GET mapping getAllAccounts() method
2021-06-07 01:14:42,718 INFO com.cg.creditcardpayment.services.AccountServices [http-nio-9090-exec-2] Called getAllAccount() method of AccountServices
2021-06-07 01:17:09,258 INFO org.springframework.scheduling.concurrent.ThreadPoolTaskExecutor [Thread-5] Shutting down ExecutorService 'applicationTaskExecutor'
2021-06-07 01:17:09,290 INFO org.springframework.orm.jpa.LocalContainerEntityManagerFactoryBean [Thread-5] Closing JPA EntityManagerFactory for persistence unit 'default'
2021-06-07 01:17:09,301 INFO com.zaxxer.hikari.HikariDataSource [Thread-5] HikariPool-1 - Shutdown initiated...
2021-06-07 01:17:09,312 INFO com.zaxxer.hikari.HikariDataSource [Thread-5] HikariPool-1 - Shutdown completed.
2021-06-07 01:17:09,596 INFO com.cg.creditcardpayment.CreditcardBillPaymentApplication [restartedMain] Starting CreditcardBillPaymentApplication using Java 15.0.2 on DESKTOP-88QC7I7 with PID 17924 (H:\CreditcardBillPayment\bin\main started by UJJAWAL in H:\CreditcardBillPayment)
2021-06-07 01:17:09,597 INFO com.cg.creditcardpayment.CreditcardBillPaymentApplication [restartedMain] No active profile set, falling back to default profiles: default
2021-06-07 01:17:10,255 INFO org.springframework.data.repository.config.RepositoryConfigurationDelegate [restartedMain] Bootstrapping Spring Data JPA repositories in DEFAULT mode.
2021-06-07 01:17:10,303 INFO org.springframework.data.repository.config.RepositoryConfigurationDelegate [restartedMain] Finished Spring Data repository scanning in 47 ms. Found 8 JPA repository interfaces.
2021-06-07 01:17:10,527 INFO org.springframework.boot.web.embedded.tomcat.TomcatWebServer [restartedMain] Tomcat initialized with port(s): 9090 (http)
2021-06-07 01:17:10,529 INFO org.apache.catalina.core.StandardService [restartedMain] Starting service [Tomcat]
2021-06-07 01:17:10,529 INFO org.apache.catalina.core.StandardEngine [restartedMain] Starting Servlet engine: [Apache Tomcat/9.0.45]
2021-06-07 01:17:10,575 INFO org.apache.catalina.core.ContainerBase.[Tomcat].[localhost].[/] [restartedMain] Initializing Spring embedded WebApplicationContext
2021-06-07 01:17:10,575 INFO org.springframework.boot.web.servlet.context.ServletWebServerApplicationContext [restartedMain] Root WebApplicationContext: initialization completed in 976 ms
2021-06-07 01:17:10,739 INFO org.hibernate.jpa.internal.util.LogHelper [restartedMain] HHH000204: Processing PersistenceUnitInfo [name: default]
2021-06-07 01:17:10,747 INFO com.zaxxer.hikari.HikariDataSource [restartedMain] HikariPool-2 - Starting...
2021-06-07 01:17:10,955 INFO com.zaxxer.hikari.HikariDataSource [restartedMain] HikariPool-2 - Start completed.
2021-06-07 01:17:10,956 INFO org.hibernate.dialect.Dialect [restartedMain] HHH000400: Using dialect: org.hibernate.dialect.PostgreSQL10Dialect
2021-06-07 01:17:12,250 INFO org.hibernate.engine.transaction.jta.platform.internal.JtaPlatformInitiator [restartedMain] HHH000490: Using JtaPlatform implementation: [org.hibernate.engine.transaction.jta.platform.internal.NoJtaPlatform]
2021-06-07 01:17:12,251 INFO org.springframework.orm.jpa.LocalContainerEntityManagerFactoryBean [restartedMain] Initialized JPA EntityManagerFactory for persistence unit 'default'
2021-06-07 01:17:12,270 INFO org.springframework.boot.devtools.autoconfigure.OptionalLiveReloadServer [restartedMain] LiveReload server is running on port 35729
2021-06-07 01:17:12,724 WARN org.springframework.boot.autoconfigure.orm.jpa.JpaBaseConfiguration$JpaWebConfiguration [restartedMain] spring.jpa.open-in-view is enabled by default. Therefore, database queries may be performed during view rendering. Explicitly configure spring.jpa.open-in-view to disable this warning
2021-06-07 01:17:12,865 INFO springfox.documentation.spring.web.WebMvcPropertySourcedRequestMappingHandlerMapping [restartedMain] Mapped URL path [/v2/api-docs] onto method [springfox.documentation.swagger2.web.Swagger2ControllerWebMvc#getDocumentation(String, HttpServletRequest)]
2021-06-07 01:17:12,931 INFO org.springframework.scheduling.concurrent.ThreadPoolTaskExecutor [restartedMain] Initializing ExecutorService 'applicationTaskExecutor'
2021-06-07 01:17:13,082 INFO org.springframework.boot.web.embedded.tomcat.TomcatWebServer [restartedMain] Tomcat started on port(s): 9090 (http) with context path ''
2021-06-07 01:17:13,083 INFO springfox.documentation.spring.web.plugins.DocumentationPluginsBootstrapper [restartedMain] Documentation plugins bootstrapped
2021-06-07 01:17:13,084 INFO springfox.documentation.spring.web.plugins.DocumentationPluginsBootstrapper [restartedMain] Found 1 custom documentation plugin(s)
2021-06-07 01:17:13,146 INFO springfox.documentation.spring.web.scanners.ApiListingReferenceScanner [restartedMain] Scanning for api listing references
2021-06-07 01:17:13,436 INFO springfox.documentation.spring.web.readers.operation.CachingOperationNameGenerator [restartedMain] Generating unique operation named: addUsingPOST_1
2021-06-07 01:17:13,449 INFO springfox.documentation.spring.web.readers.operation.CachingOperationNameGenerator [restartedMain] Generating unique operation named: findByIdUsingGET_1
2021-06-07 01:17:13,459 INFO springfox.documentation.spring.web.readers.operation.CachingOperationNameGenerator [restartedMain] Generating unique operation named: findAllUsingGET_1
2021-06-07 01:17:13,615 INFO springfox.documentation.spring.web.readers.operation.CachingOperationNameGenerator [restartedMain] Generating unique operation named: updatePaymentUsingPUT_1
2021-06-07 01:17:13,657 INFO com.cg.creditcardpayment.CreditcardBillPaymentApplication [restartedMain] Started CreditcardBillPaymentApplication in 4.112 seconds (JVM running for 1499.83)
2021-06-07 01:17:13,663 INFO org.springframework.boot.devtools.autoconfigure.ConditionEvaluationDeltaLoggingListener [restartedMain] Condition evaluation unchanged
2021-06-07 01:17:14,464 INFO org.springframework.boot.admin.SpringApplicationAdminMXBeanRegistrar$SpringApplicationAdmin [RMI TCP Connection(29)-127.0.0.1] Application shutdown requested.
2021-06-07 01:17:14,525 INFO org.springframework.scheduling.concurrent.ThreadPoolTaskExecutor [RMI TCP Connection(29)-127.0.0.1] Shutting down ExecutorService 'applicationTaskExecutor'
2021-06-07 01:17:14,538 INFO org.springframework.orm.jpa.LocalContainerEntityManagerFactoryBean [RMI TCP Connection(29)-127.0.0.1] Closing JPA EntityManagerFactory for persistence unit 'default'
2021-06-07 01:17:14,540 INFO com.zaxxer.hikari.HikariDataSource [RMI TCP Connection(29)-127.0.0.1] HikariPool-2 - Shutdown initiated...
2021-06-07 01:17:14,546 INFO com.zaxxer.hikari.HikariDataSource [RMI TCP Connection(29)-127.0.0.1] HikariPool-2 - Shutdown completed.
2021-06-07 01:17:40,830 INFO com.cg.creditcardpayment.CreditcardBillPaymentApplication [restartedMain] Starting CreditcardBillPaymentApplication using Java 15.0.2 on DESKTOP-88QC7I7 with PID 6916 (H:\CreditcardBillPayment\bin\main started by UJJAWAL in H:\CreditcardBillPayment)
2021-06-07 01:17:40,833 INFO com.cg.creditcardpayment.CreditcardBillPaymentApplication [restartedMain] No active profile set, falling back to default profiles: default
2021-06-07 01:17:40,911 INFO org.springframework.boot.devtools.env.DevToolsPropertyDefaultsPostProcessor [restartedMain] Devtools property defaults active! Set 'spring.devtools.add-properties' to 'false' to disable
2021-06-07 01:17:40,911 INFO org.springframework.boot.devtools.env.DevToolsPropertyDefaultsPostProcessor [restartedMain] For additional web related logging consider setting the 'logging.level.web' property to 'DEBUG'
2021-06-07 01:17:42,125 INFO org.springframework.data.repository.config.RepositoryConfigurationDelegate [restartedMain] Bootstrapping Spring Data JPA repositories in DEFAULT mode.
2021-06-07 01:17:42,232 INFO org.springframework.data.repository.config.RepositoryConfigurationDelegate [restartedMain] Finished Spring Data repository scanning in 97 ms. Found 8 JPA repository interfaces.
2021-06-07 01:17:43,304 INFO org.springframework.boot.web.embedded.tomcat.TomcatWebServer [restartedMain] Tomcat initialized with port(s): 9090 (http)
2021-06-07 01:17:43,316 INFO org.apache.catalina.core.StandardService [restartedMain] Starting service [Tomcat]
2021-06-07 01:17:43,317 INFO org.apache.catalina.core.StandardEngine [restartedMain] Starting Servlet engine: [Apache Tomcat/9.0.45]
2021-06-07 01:17:43,432 INFO org.apache.catalina.core.ContainerBase.[Tomcat].[localhost].[/] [restartedMain] Initializing Spring embedded WebApplicationContext
2021-06-07 01:17:43,433 INFO org.springframework.boot.web.servlet.context.ServletWebServerApplicationContext [restartedMain] Root WebApplicationContext: initialization completed in 2521 ms
2021-06-07 01:17:43,833 INFO org.hibernate.jpa.internal.util.LogHelper [restartedMain] HHH000204: Processing PersistenceUnitInfo [name: default]
2021-06-07 01:17:43,916 INFO org.hibernate.Version [restartedMain] HHH000412: Hibernate ORM core version 5.4.30.Final
2021-06-07 01:17:44,148 INFO org.hibernate.annotations.common.Version [restartedMain] HCANN000001: Hibernate Commons Annotations {5.1.2.Final}
2021-06-07 01:17:44,297 INFO com.zaxxer.hikari.HikariDataSource [restartedMain] HikariPool-1 - Starting...
2021-06-07 01:17:44,493 INFO com.zaxxer.hikari.HikariDataSource [restartedMain] HikariPool-1 - Start completed.
2021-06-07 01:17:44,550 INFO org.hibernate.dialect.Dialect [restartedMain] HHH000400: Using dialect: org.hibernate.dialect.PostgreSQL10Dialect
2021-06-07 01:17:46,902 INFO org.hibernate.engine.transaction.jta.platform.internal.JtaPlatformInitiator [restartedMain] HHH000490: Using JtaPlatform implementation: [org.hibernate.engine.transaction.jta.platform.internal.NoJtaPlatform]
2021-06-07 01:17:46,913 INFO org.springframework.orm.jpa.LocalContainerEntityManagerFactoryBean [restartedMain] Initialized JPA EntityManagerFactory for persistence unit 'default'
2021-06-07 01:17:47,011 INFO org.springframework.boot.devtools.autoconfigure.OptionalLiveReloadServer [restartedMain] LiveReload server is running on port 35729
2021-06-07 01:17:48,555 WARN org.springframework.boot.autoconfigure.orm.jpa.JpaBaseConfiguration$JpaWebConfiguration [restartedMain] spring.jpa.open-in-view is enabled by default. Therefore, database queries may be performed during view rendering. Explicitly configure spring.jpa.open-in-view to disable this warning
2021-06-07 01:17:49,207 INFO springfox.documentation.spring.web.WebMvcPropertySourcedRequestMappingHandlerMapping [restartedMain] Mapped URL path [/v2/api-docs] onto method [springfox.documentation.swagger2.web.Swagger2ControllerWebMvc#getDocumentation(String, HttpServletRequest)]
2021-06-07 01:17:49,532 INFO org.springframework.scheduling.concurrent.ThreadPoolTaskExecutor [restartedMain] Initializing ExecutorService 'applicationTaskExecutor'
2021-06-07 01:17:50,408 INFO org.springframework.boot.web.embedded.tomcat.TomcatWebServer [restartedMain] Tomcat started on port(s): 9090 (http) with context path ''
2021-06-07 01:17:50,410 INFO springfox.documentation.spring.web.plugins.DocumentationPluginsBootstrapper [restartedMain] Documentation plugins bootstrapped
2021-06-07 01:17:50,417 INFO springfox.documentation.spring.web.plugins.DocumentationPluginsBootstrapper [restartedMain] Found 1 custom documentation plugin(s)
2021-06-07 01:17:50,542 INFO org.apache.catalina.core.ContainerBase.[Tomcat].[localhost].[/] [http-nio-9090-exec-1] Initializing Spring DispatcherServlet 'dispatcherServlet'
2021-06-07 01:17:50,542 INFO org.springframework.web.servlet.DispatcherServlet [http-nio-9090-exec-1] Initializing Servlet 'dispatcherServlet'
2021-06-07 01:17:50,545 INFO org.springframework.web.servlet.DispatcherServlet [http-nio-9090-exec-1] Completed initialization in 3 ms
2021-06-07 01:17:50,573 INFO springfox.documentation.spring.web.scanners.ApiListingReferenceScanner [restartedMain] Scanning for api listing references
2021-06-07 01:17:50,622 INFO com.cg.creditcardpayment.controller.AccountController [http-nio-9090-exec-1] Called GET mapping getAllAccounts() method
2021-06-07 01:17:50,622 INFO com.cg.creditcardpayment.services.AccountServices [http-nio-9090-exec-1] Called getAllAccount() method of AccountServices
2021-06-07 01:17:51,216 INFO springfox.documentation.spring.web.readers.operation.CachingOperationNameGenerator [restartedMain] Generating unique operation named: addUsingPOST_1
2021-06-07 01:17:51,238 INFO springfox.documentation.spring.web.readers.operation.CachingOperationNameGenerator [restartedMain] Generating unique operation named: findByIdUsingGET_1
2021-06-07 01:17:51,255 INFO springfox.documentation.spring.web.readers.operation.CachingOperationNameGenerator [restartedMain] Generating unique operation named: findAllUsingGET_1
2021-06-07 01:17:51,432 INFO springfox.documentation.spring.web.readers.operation.CachingOperationNameGenerator [restartedMain] Generating unique operation named: updatePaymentUsingPUT_1
2021-06-07 01:17:51,476 INFO com.cg.creditcardpayment.CreditcardBillPaymentApplication [restartedMain] Started CreditcardBillPaymentApplication in 11.345 seconds (JVM running for 12.787)
2021-06-07 01:17:52,860 INFO com.cg.creditcardpayment.controller.AccountController [http-nio-9090-exec-2] Called GET mapping getAllAccounts() method
2021-06-07 01:17:52,861 INFO com.cg.creditcardpayment.services.AccountServices [http-nio-9090-exec-2] Called getAllAccount() method of AccountServices
2021-06-07 01:21:37,047 INFO com.cg.creditcardpayment.controller.AccountController [http-nio-9090-exec-4] Called GET mapping getAllAccounts() method
2021-06-07 01:21:37,048 INFO com.cg.creditcardpayment.services.AccountServices [http-nio-9090-exec-4] Called getAllAccount() method of AccountServices
2021-06-07 01:22:09,407 INFO com.cg.creditcardpayment.controller.AccountController [http-nio-9090-exec-6] Called GET mapping getAllAccounts() method
2021-06-07 01:22:09,407 INFO com.cg.creditcardpayment.services.AccountServices [http-nio-9090-exec-6] Called getAllAccount() method of AccountServices
2021-06-07 01:22:11,362 WARN org.springframework.web.servlet.mvc.method.annotation.ExceptionHandlerExceptionResolver [http-nio-9090-exec-7] Resolved [org.springframework.web.method.annotation.MethodArgumentTypeMismatchException: Failed to convert value of type 'java.lang.String' to required type 'java.lang.Long'; nested exception is java.lang.NumberFormatException: For input string: "undefined"]
2021-06-07 01:22:47,624 INFO com.cg.creditcardpayment.controller.AccountController [http-nio-9090-exec-10] Called PUT mapping updateAccount() method
2021-06-07 01:22:47,625 INFO com.cg.creditcardpayment.services.AccountServices [http-nio-9090-exec-10] Called updateAccount() method of AccountServices
2021-06-07 01:22:54,633 INFO com.cg.creditcardpayment.controller.AccountController [http-nio-9090-exec-2] Called GET mapping getAllAccounts() method
2021-06-07 01:22:54,633 INFO com.cg.creditcardpayment.services.AccountServices [http-nio-9090-exec-2] Called getAllAccount() method of AccountServices
2021-06-07 01:37:26,169 INFO com.cg.creditcardpayment.controller.AccountController [http-nio-9090-exec-4] Called GET mapping getAllAccounts() method
2021-06-07 01:37:26,169 INFO com.cg.creditcardpayment.services.AccountServices [http-nio-9090-exec-4] Called getAllAccount() method of AccountServices
2021-06-07 01:39:00,852 INFO com.cg.creditcardpayment.controller.AccountController [http-nio-9090-exec-6] Called GET mapping getAllAccounts() method
2021-06-07 01:39:00,852 INFO com.cg.creditcardpayment.services.AccountServices [http-nio-9090-exec-6] Called getAllAccount() method of AccountServices
2021-06-07 01:39:15,513 INFO com.cg.creditcardpayment.controller.AccountController [http-nio-9090-exec-8] Called GET mapping getAllAccounts() method
2021-06-07 01:39:15,513 INFO com.cg.creditcardpayment.services.AccountServices [http-nio-9090-exec-8] Called getAllAccount() method of AccountServices
2021-06-07 01:39:18,953 INFO com.cg.creditcardpayment.controller.AccountController [http-nio-9090-exec-9] Called GET mapping getAccount() method
2021-06-07 01:39:18,955 INFO com.cg.creditcardpayment.services.AccountServices [http-nio-9090-exec-9] Called getAccount() method of AccountServices
2021-06-07 01:39:18,959 INFO com.cg.creditcardpayment.exceptions.AccountNotFoundException [http-nio-9090-exec-9] Account not found
2021-06-07 01:39:18,961 WARN org.springframework.web.servlet.mvc.method.annotation.ExceptionHandlerExceptionResolver [http-nio-9090-exec-9] Resolved [Account not found]
2021-06-07 04:43:12,082 WARN com.zaxxer.hikari.pool.HikariPool [HikariPool-1 housekeeper] HikariPool-1 - Thread starvation or clock leap detected (housekeeper delta=3h1m57s174ms295탎600ns).
2021-06-07 07:23:05,574 WARN com.zaxxer.hikari.pool.HikariPool [HikariPool-1 housekeeper] HikariPool-1 - Thread starvation or clock leap detected (housekeeper delta=1h36m22s657ms625탎).
2021-06-07 09:55:05,836 WARN com.zaxxer.hikari.pool.HikariPool [HikariPool-1 housekeeper] HikariPool-1 - Thread starvation or clock leap detected (housekeeper delta=1h28m59s392ms427탎800ns).
2021-06-07 14:32:29,178 WARN com.zaxxer.hikari.pool.HikariPool [HikariPool-1 housekeeper] HikariPool-1 - Thread starvation or clock leap detected (housekeeper delta=2h3m20s573ms718탎700ns).
